Assembler report for projeto7
<<<<<<< HEAD
Mon Jan 20 18:49:54 2025
Quartus Prime Version 20.1.0 Build 711 06/05/2020 SJ Lite Edition
=======
Wed Feb 05 09:09:15 2025
Quartus Prime Version 19.1.0 Build 670 09/22/2019 SJ Lite Edition
>>>>>>> 2fdf6a7eb99579132e02f4b97c83edac185b2431


---------------------
; Table of Contents ;
---------------------
  1. Legal Notice
  2. Assembler Summary
  3. Assembler Settings
  4. Assembler Generated Files
<<<<<<< HEAD
  5. Assembler Device Options: C:/Users/Yuji/Documents/Faculdade/9° Período/Logica-Reconfiguravel/Relatorio7/output_files/projeto7.sof
=======
  5. Assembler Device Options: H:/Logica-Reconfiguravel/Relatorio7/output_files/projeto7.sof
>>>>>>> 2fdf6a7eb99579132e02f4b97c83edac185b2431
  6. Assembler Messages



----------------
; Legal Notice ;
----------------
<<<<<<< HEAD
Copyright (C) 2020  Intel Corporation. All rights reserved.
=======
Copyright (C) 2019  Intel Corporation. All rights reserved.
>>>>>>> 2fdf6a7eb99579132e02f4b97c83edac185b2431
Your use of Intel Corporation's design tools, logic functions 
and other software and tools, and any partner logic 
functions, and any output files from any of the foregoing 
(including device programming or simulation files), and any 
associated documentation or information are expressly subject 
to the terms and conditions of the Intel Program License 
Subscription Agreement, the Intel Quartus Prime License Agreement,
the Intel FPGA IP License Agreement, or other applicable license
agreement, including, without limitation, that your use is for
the sole purpose of programming logic devices manufactured by
Intel and sold by Intel or its authorized distributors.  Please
refer to the applicable agreement for further details, at
https://fpgasoftware.intel.com/eula.



+---------------------------------------------------------------+
; Assembler Summary                                             ;
+-----------------------+---------------------------------------+
<<<<<<< HEAD
; Assembler Status      ; Successful - Mon Jan 20 18:49:54 2025 ;
=======
; Assembler Status      ; Successful - Wed Feb 05 09:09:15 2025 ;
>>>>>>> 2fdf6a7eb99579132e02f4b97c83edac185b2431
; Revision Name         ; projeto7                              ;
; Top-level Entity Name ; projeto7                              ;
; Family                ; MAX 10                                ;
; Device                ; 10M50DAF484C7G                        ;
+-----------------------+---------------------------------------+


+----------------------------------+
; Assembler Settings               ;
+--------+---------+---------------+
; Option ; Setting ; Default Value ;
+--------+---------+---------------+


<<<<<<< HEAD
+---------------------------------------------------------------------------------------------------------+
; Assembler Generated Files                                                                               ;
+---------------------------------------------------------------------------------------------------------+
; File Name                                                                                               ;
+---------------------------------------------------------------------------------------------------------+
; C:/Users/Yuji/Documents/Faculdade/9° Período/Logica-Reconfiguravel/Relatorio7/output_files/projeto7.sof ;
+---------------------------------------------------------------------------------------------------------+


+-----------------------------------------------------------------------------------------------------------------------------------+
; Assembler Device Options: C:/Users/Yuji/Documents/Faculdade/9° Período/Logica-Reconfiguravel/Relatorio7/output_files/projeto7.sof ;
+----------------+------------------------------------------------------------------------------------------------------------------+
; Option         ; Setting                                                                                                          ;
+----------------+------------------------------------------------------------------------------------------------------------------+
; JTAG usercode  ; 0x002F9FCD                                                                                                       ;
; Checksum       ; 0x002F9FCD                                                                                                       ;
+----------------+------------------------------------------------------------------------------------------------------------------+
=======
+---------------------------------------------------------------+
; Assembler Generated Files                                     ;
+---------------------------------------------------------------+
; File Name                                                     ;
+---------------------------------------------------------------+
; H:/Logica-Reconfiguravel/Relatorio7/output_files/projeto7.sof ;
+---------------------------------------------------------------+


+-----------------------------------------------------------------------------------------+
; Assembler Device Options: H:/Logica-Reconfiguravel/Relatorio7/output_files/projeto7.sof ;
+----------------+------------------------------------------------------------------------+
; Option         ; Setting                                                                ;
+----------------+------------------------------------------------------------------------+
; JTAG usercode  ; 0x002F72BE                                                             ;
; Checksum       ; 0x002F72BE                                                             ;
+----------------+------------------------------------------------------------------------+
>>>>>>> 2fdf6a7eb99579132e02f4b97c83edac185b2431


+--------------------+
; Assembler Messages ;
+--------------------+
Info: *******************************************************************
Info: Running Quartus Prime Assembler
<<<<<<< HEAD
    Info: Version 20.1.0 Build 711 06/05/2020 SJ Lite Edition
    Info: Processing started: Mon Jan 20 18:49:52 2025
=======
    Info: Version 19.1.0 Build 670 09/22/2019 SJ Lite Edition
    Info: Processing started: Wed Feb 05 09:09:12 2025
>>>>>>> 2fdf6a7eb99579132e02f4b97c83edac185b2431
Info: Command: quartus_asm --read_settings_files=off --write_settings_files=off projeto7 -c projeto7
Warning (18236): Number of processors has not been specified which may cause overloading on shared machines.  Set the global assignment NUM_PARALLEL_PROCESSORS in your QSF to an appropriate value for best performance.
Info (115031): Writing out detailed assembly data for power analysis
Info (115030): Assembler is generating device programming files
Info: Quartus Prime Assembler was successful. 0 errors, 1 warning
<<<<<<< HEAD
    Info: Peak virtual memory: 4694 megabytes
    Info: Processing ended: Mon Jan 20 18:49:54 2025
    Info: Elapsed time: 00:00:02
    Info: Total CPU time (on all processors): 00:00:02
=======
    Info: Peak virtual memory: 4693 megabytes
    Info: Processing ended: Wed Feb 05 09:09:15 2025
    Info: Elapsed time: 00:00:03
    Info: Total CPU time (on all processors): 00:00:03
>>>>>>> 2fdf6a7eb99579132e02f4b97c83edac185b2431


